<?xml version="1.0" encoding="UTF-8"?>
<!-- Generated by org.testng.reporters.JUnitReportReporter -->
<testsuite hostname="MKD-CORP-BT074" failures="0" tests="4" name="com.cyient.test.DemoTest" time="0.009" errors="0" timestamp="2021-06-08T10:45:20 IST" skipped="0">
  <testcase classname="com.cyient.test.DemoTest" name="validTest" time="0.001"/>
  <system-out/>
  <testcase classname="com.cyient.test.DemoTest" name="validTest" time="0.001"/>
  <system-out/>
  <testcase classname="com.cyient.test.DemoTest" name="validTest" time="0.006"/>
  <system-out/>
  <testcase classname="com.cyient.test.DemoTest" name="validTest" time="0.001"/>
  <system-out/>
</testsuite> <!-- com.cyient.test.DemoTest -->
