<?xml version="1.0" encoding="UTF-8"?>
<!-- Generated by org.testng.reporters.JUnitReportReporter -->
<testsuite hostname="MKD-CORP-BT074" failures="0" tests="2" name="com.cyient.test.LoginTest" time="71.788" errors="0" timestamp="2021-06-09T12:51:27 IST" skipped="0">
  <testcase classname="com.cyient.test.LoginTest" name="validCredantialTest" time="26.506"/>
  <system-out/>
  <testcase classname="com.cyient.test.LoginTest" name="validCredantialTest" time="45.282"/>
  <system-out/>
</testsuite> <!-- com.cyient.test.LoginTest -->
